2025-05-22 08:33:23,985 INFO:Date format samples:
2025-05-22 08:33:23,986 INFO:Calls: 8/14/23
2025-05-22 08:33:23,987 INFO:Visits: 8/14/2023
2025-05-22 08:33:23,987 INFO:Queries: 1/11/2024
2025-05-22 08:33:23,990 INFO:Calls: Successfully parsed 646 dates
2025-05-22 08:33:23,992 INFO:Visits: Successfully parsed 646 dates
2025-05-22 08:33:23,994 INFO:Queries: Successfully parsed 496 dates
2025-05-22 08:33:24,012 INFO:Call data: 2023-08-14 00:00:00 to 2025-05-20 00:00:00, 646 records
2025-05-22 08:33:24,012 INFO:Visit data: 2023-08-14 00:00:00 to 2025-05-20 00:00:00, 646 records
2025-05-22 08:33:24,012 INFO:Chat data: 2024-01-11 00:00:00 to 2025-05-20 00:00:00, 496 records
2025-05-22 08:33:24,012 INFO:Preparing data for forecasting with 2025 policy change features
2025-05-22 08:33:24,013 INFO:Loading chatbot data from queries.csv
2025-05-22 08:33:24,017 INFO:Creating unified date range from 2023-08-14 00:00:00 to 2025-05-20 00:00:00
2025-05-22 08:33:24,024 INFO:Monday spike magnitude: 45.1
2025-05-22 08:33:24,036 INFO:Creating lag and rolling features
2025-05-22 08:33:24,049 INFO:Dropping collinear features: ['post_policy']
2025-05-22 08:33:24,050 INFO:Tuning Prophet hyperparameters
2025-05-22 08:33:24,050 INFO:Testing hyperparameter combination 1/10
2025-05-22 08:33:24,050 WARNING:Error with hyperparameter combination {'changepoint_prior_scale': 0.01}: 'NoneType' object is not callable
2025-05-22 08:33:24,051 INFO:Testing hyperparameter combination 2/10
2025-05-22 08:33:24,051 WARNING:Error with hyperparameter combination {'changepoint_prior_scale': 0.016681005372000592}: 'NoneType' object is not callable
2025-05-22 08:33:24,052 INFO:Testing hyperparameter combination 3/10
2025-05-22 08:33:24,052 WARNING:Error with hyperparameter combination {'changepoint_prior_scale': 0.027825594022071243}: 'NoneType' object is not callable
2025-05-22 08:33:24,052 INFO:Testing hyperparameter combination 4/10
2025-05-22 08:33:24,052 WARNING:Error with hyperparameter combination {'changepoint_prior_scale': 0.046415888336127774}: 'NoneType' object is not callable
2025-05-22 08:33:24,052 INFO:Testing hyperparameter combination 5/10
2025-05-22 08:33:24,052 WARNING:Error with hyperparameter combination {'changepoint_prior_scale': 0.0774263682681127}: 'NoneType' object is not callable
2025-05-22 08:33:24,052 INFO:Testing hyperparameter combination 6/10
2025-05-22 08:33:24,052 WARNING:Error with hyperparameter combination {'changepoint_prior_scale': 0.1291549665014884}: 'NoneType' object is not callable
2025-05-22 08:33:24,053 INFO:Testing hyperparameter combination 7/10
2025-05-22 08:33:24,053 WARNING:Error with hyperparameter combination {'changepoint_prior_scale': 0.21544346900318834}: 'NoneType' object is not callable
2025-05-22 08:33:24,053 INFO:Testing hyperparameter combination 8/10
2025-05-22 08:33:24,053 WARNING:Error with hyperparameter combination {'changepoint_prior_scale': 0.3593813663804626}: 'NoneType' object is not callable
2025-05-22 08:33:24,053 INFO:Testing hyperparameter combination 9/10
2025-05-22 08:33:24,053 WARNING:Error with hyperparameter combination {'changepoint_prior_scale': 0.5994842503189409}: 'NoneType' object is not callable
2025-05-22 08:33:24,053 INFO:Testing hyperparameter combination 10/10
2025-05-22 08:33:24,053 WARNING:Error with hyperparameter combination {'changepoint_prior_scale': 1.0}: 'NoneType' object is not callable
2025-05-22 08:33:24,053 WARNING:All hyperparameter combinations failed, using defaults
2025-05-22 08:33:24,054 INFO:Best parameters found: {'changepoint_prior_scale': 0.2, 'seasonality_prior_scale': 0.01, 'holidays_prior_scale': 5}
2025-05-22 08:33:24,059 INFO:Training Prophet model
