2025-05-21 16:40:20,087 INFO:Date format samples:
2025-05-21 16:40:20,087 INFO:Calls: 8/14/23
2025-05-21 16:40:20,088 INFO:Visits: 8/14/2023
2025-05-21 16:40:20,088 INFO:Queries: 1/11/2024
2025-05-21 16:40:20,089 INFO:Calls: Successfully parsed 646 dates
2025-05-21 16:40:20,090 INFO:Visits: Successfully parsed 646 dates
2025-05-21 16:40:20,091 INFO:Queries: Successfully parsed 496 dates
2025-05-21 16:40:20,104 INFO:Call data: 2023-08-14 00:00:00 to 2025-05-20 00:00:00, 646 records
2025-05-21 16:40:20,105 INFO:Visit data: 2023-08-14 00:00:00 to 2025-05-20 00:00:00, 646 records
2025-05-21 16:40:20,105 INFO:Chat data: 2024-01-11 00:00:00 to 2025-05-20 00:00:00, 496 records
2025-05-21 16:40:20,105 INFO:Preparing data for forecasting with 2025 policy change features
2025-05-21 16:40:20,106 INFO:Loading chatbot data from queries.csv
2025-05-21 16:40:20,111 INFO:Creating unified date range from 2023-08-14 00:00:00 to 2025-05-20 00:00:00
2025-05-21 16:40:20,123 INFO:Monday spike magnitude: 45.1
2025-05-21 16:40:20,145 INFO:Creating lag and rolling features
2025-05-21 16:40:20,159 INFO:Dropping collinear features: ['post_policy']
2025-05-21 16:40:20,161 INFO:Tuning Prophet hyperparameters
2025-05-21 16:40:20,161 INFO:Testing hyperparameter combination 1/10
2025-05-21 16:40:20,161 WARNING:Error with hyperparameter combination {'changepoint_prior_scale': 0.01}: 'NoneType' object is not callable
2025-05-21 16:40:20,161 INFO:Testing hyperparameter combination 2/10
2025-05-21 16:40:20,161 WARNING:Error with hyperparameter combination {'changepoint_prior_scale': 0.016681005372000592}: 'NoneType' object is not callable
2025-05-21 16:40:20,161 INFO:Testing hyperparameter combination 3/10
2025-05-21 16:40:20,162 WARNING:Error with hyperparameter combination {'changepoint_prior_scale': 0.027825594022071243}: 'NoneType' object is not callable
2025-05-21 16:40:20,162 INFO:Testing hyperparameter combination 4/10
2025-05-21 16:40:20,162 WARNING:Error with hyperparameter combination {'changepoint_prior_scale': 0.046415888336127774}: 'NoneType' object is not callable
2025-05-21 16:40:20,162 INFO:Testing hyperparameter combination 5/10
2025-05-21 16:40:20,162 WARNING:Error with hyperparameter combination {'changepoint_prior_scale': 0.0774263682681127}: 'NoneType' object is not callable
2025-05-21 16:40:20,162 INFO:Testing hyperparameter combination 6/10
2025-05-21 16:40:20,162 WARNING:Error with hyperparameter combination {'changepoint_prior_scale': 0.1291549665014884}: 'NoneType' object is not callable
2025-05-21 16:40:20,162 INFO:Testing hyperparameter combination 7/10
2025-05-21 16:40:20,162 WARNING:Error with hyperparameter combination {'changepoint_prior_scale': 0.21544346900318834}: 'NoneType' object is not callable
2025-05-21 16:40:20,162 INFO:Testing hyperparameter combination 8/10
2025-05-21 16:40:20,162 WARNING:Error with hyperparameter combination {'changepoint_prior_scale': 0.3593813663804626}: 'NoneType' object is not callable
2025-05-21 16:40:20,162 INFO:Testing hyperparameter combination 9/10
2025-05-21 16:40:20,162 WARNING:Error with hyperparameter combination {'changepoint_prior_scale': 0.5994842503189409}: 'NoneType' object is not callable
2025-05-21 16:40:20,162 INFO:Testing hyperparameter combination 10/10
2025-05-21 16:40:20,162 WARNING:Error with hyperparameter combination {'changepoint_prior_scale': 1.0}: 'NoneType' object is not callable
2025-05-21 16:40:20,163 WARNING:All hyperparameter combinations failed, using defaults
2025-05-21 16:40:20,163 INFO:Best parameters found: {'changepoint_prior_scale': 0.2, 'seasonality_prior_scale': 0.01, 'holidays_prior_scale': 5}
2025-05-21 16:40:20,170 INFO:Training Prophet model
